<?xml version="1.0" encoding="UTF-8"?>
<testsuite name="MyUtilsTest" tests="3" skipped="0" failures="0" errors="0" timestamp="2023-03-29T15:17:15" hostname="Jakes-MacBook-Pro.local" time="0.542">
  <properties/>
  <testcase name="testWhenThen" classname="MyUtilsTest" time="0.525"/>
  <testcase name="testMax" classname="MyUtilsTest" time="0.008"/>
  <testcase name="testPrintMax" classname="MyUtilsTest" time="0.008"/>
  <system-out><![CDATA[10
y: 1 is max
]]></system-out>
  <system-err><![CDATA[]]></system-err>
</testsuite>
